C51 COMPILER V9.01   MAIN                                                                  07/23/2017 18:02:41 PAGE 1   


C51 COMPILER V9.01, COMPILATION OF MODULE MAIN
OBJECT MODULE PLACED IN main.OBJ
COMPILER INVOKED BY: E:\ProgramFiles\keil\C51\BIN\C51.EXE main.c BROWSE DEBUG OBJECTEXTEND

line level    source

   1          //
   2          // Created by Li on 2017/7/23.
   3          //
   4          #include <reg52.h>
   5          
   6          #define LED P0
   7          #define KEY_BOARD P1
   8          
   9          unsigned char keydown();
  10          
  11          void delay10ms(void);
  12          
  13          // 使用LED显示，当前所按的按钮
  14          void main() {
  15   1          while (1) {
  16   2              LED = keydown();
  17   2          }
  18   1      
  19   1      }
  20          
  21          /**
  22           * 返回按下的字节码
  23           * @return
  24           */
  25          unsigned char keydown() {
  26   1          // 检测两次,未按键盘都是高电平0xff
  27   1          unsigned char keyvalue = 0xff;
  28   1          if (KEY_BOARD != 0xff) {
  29   2              delay10ms();
  30   2              if (KEY_BOARD != 0xff) {
  31   3                  keyvalue = KEY_BOARD;
  32   3              }
  33   2          }
  34   1          delay10ms();
  35   1          return keyvalue;
  36   1      }
  37          
  38          void delay10ms(void)   //误差 -0.000000000002us
  39          {
  40   1          unsigned char a, b;
  41   1          for (b = 151; b > 0; b--)
  42   1              for (a = 29; a > 0; a--);
  43   1      }
  44          


MODULE INFORMATION:   STATIC OVERLAYABLE
   CODE SIZE        =     41    ----
   CONSTANT SIZE    =   ----    ----
   XDATA SIZE       =   ----    ----
   PDATA SIZE       =   ----    ----
   DATA SIZE        =   ----       1
   IDATA SIZE       =   ----    ----
   BIT SIZE         =   ----    ----
END OF MODULE INFORMATION.

C51 COMPILER V9.01   MAIN                                                                  07/23/2017 18:02:41 PAGE 2   


C51 COMPILATION COMPLETE.  0 WARNING(S),  0 ERROR(S)
