C51 COMPILER V9.01   MAIN                                                                  07/23/2017 17:07:04 PAGE 1   


C51 COMPILER V9.01, COMPILATION OF MODULE MAIN
OBJECT MODULE PLACED IN main.OBJ
COMPILER INVOKED BY: E:\ProgramFiles\keil\C51\BIN\C51.EXE main.c DEBUG OBJECTEXTEND

line level    source

   1          #include <reg52.h>
   2          
   3          void delay100ms(void);
   4          
   5          void main(){
   6   1          // 用于区分方向
   7   1          unsigned char direction;
   8   1          direction = 0;
   9   1          P0=0x01;
  10   1          while(1){
  11   2              if(direction == 0){
  12   3                  P0=P0<<1;
  13   3                  // 已经到左端的情况，则换向
  14   3                  if(P0==0x80){
  15   4                      direction = 1;
  16   4                  }
  17   3              }else{
  18   3                  P0=P0>>1;
  19   3                  // 已经到右端的情况，则换向
  20   3                  if(P0==0x01){
  21   4                      direction = 0;
  22   4                  }
  23   3              }
  24   2              delay100ms();
  25   2          }
  26   1      }
  27          
  28          
  29          void delay100ms(void)   //误差 -0.000000000021us
  30          {
  31   1          unsigned char a,b,c;
  32   1          for(c=35;c>0;c--)
  33   1              for(b=10;b>0;b--)
  34   1                  for(a=130;a>0;a--);
  35   1      }


MODULE INFORMATION:   STATIC OVERLAYABLE
   CODE SIZE        =     58    ----
   CONSTANT SIZE    =   ----    ----
   XDATA SIZE       =   ----    ----
   PDATA SIZE       =   ----    ----
   DATA SIZE        =   ----       1
   IDATA SIZE       =   ----    ----
   BIT SIZE         =   ----    ----
END OF MODULE INFORMATION.


C51 COMPILATION COMPLETE.  0 WARNING(S),  0 ERROR(S)
