C51 COMPILER V9.01   MAIN                                                                  07/23/2017 16:33:31 PAGE 1   


C51 COMPILER V9.01, COMPILATION OF MODULE MAIN
OBJECT MODULE PLACED IN main.OBJ
COMPILER INVOKED BY: E:\ProgramFiles\keil\C51\BIN\C51.EXE main.c BROWSE DEBUG OBJECTEXTEND

line level    source

   1          #include <reg52.h>
   2          
   3          void delay100ms(void);
   4          
   5          void main(){
   6   1          P0 = 0x01;
   7   1          while(1){
   8   2              P0=P0<<1;
   9   2              if(P0 == 0x00){
  10   3                  P0 = 0x01;
  11   3              }
  12   2              delay100ms();
  13   2          }
  14   1      }
  15          
  16          void delay100ms(void)   //误差 -0.000000000021us
  17          {
  18   1          unsigned char a,b,c;
  19   1          for(c=35;c>0;c--)
  20   1              for(b=10;b>0;b--)
  21   1                  for(a=130;a>0;a--);
  22   1      }


MODULE INFORMATION:   STATIC OVERLAYABLE
   CODE SIZE        =     34    ----
   CONSTANT SIZE    =   ----    ----
   XDATA SIZE       =   ----    ----
   PDATA SIZE       =   ----    ----
   DATA SIZE        =   ----    ----
   IDATA SIZE       =   ----    ----
   BIT SIZE         =   ----    ----
END OF MODULE INFORMATION.


C51 COMPILATION COMPLETE.  0 WARNING(S),  0 ERROR(S)
