C51 COMPILER V9.01   MAIN                                                                  07/23/2017 19:12:24 PAGE 1   


C51 COMPILER V9.01, COMPILATION OF MODULE MAIN
OBJECT MODULE PLACED IN main.OBJ
COMPILER INVOKED BY: E:\ProgramFiles\keil\C51\BIN\C51.EXE main.c BROWSE DEBUG OBJECTEXTEND

line level    source

   1          //
   2          // Created by Li on 2017/7/23.
   3          //
   4          #include <reg52.h>
   5          
   6          sbit K1 = P0 ^0;
   7          sbit RELAY = P1 ^4;
   8          
   9          // 继电器
  10          void main() {
  11   1          if (K1 == 0) {
  12   2              RELAY = 0;
  13   2          } else {
  14   2              RELAY = 1;
  15   2          }
  16   1      }


MODULE INFORMATION:   STATIC OVERLAYABLE
   CODE SIZE        =      9    ----
   CONSTANT SIZE    =   ----    ----
   XDATA SIZE       =   ----    ----
   PDATA SIZE       =   ----    ----
   DATA SIZE        =   ----    ----
   IDATA SIZE       =   ----    ----
   BIT SIZE         =   ----    ----
END OF MODULE INFORMATION.


C51 COMPILATION COMPLETE.  0 WARNING(S),  0 ERROR(S)
